SF:lib\src\api\api.dart
DA:2,1
DA:8,2
DA:10,1
DA:13,0
DA:15,0
DA:28,1
DA:32,1
DA:35,1
DA:40,2
DA:42,1
DA:46,0
DA:47,0
DA:48,0
DA:49,0
LF:14
LH:8
end_of_record
SF:lib\src\features\weather\data\weather_repository.dart
DA:13,1
DA:17,2
DA:18,2
DA:19,2
DA:21,0
DA:22,0
DA:23,0
DA:26,1
DA:31,2
DA:32,1
DA:33,1
DA:34,2
DA:35,1
DA:36,0
DA:37,0
DA:38,0
DA:39,0
DA:41,0
DA:43,0
DA:44,0
DA:49,0
DA:50,0
DA:51,0
LF:23
LH:10
end_of_record
SF:lib\src\features\weather\domain\weather.dart
DA:10,2
DA:18,1
DA:19,1
DA:20,3
DA:21,2
DA:22,3
DA:23,2
DA:24,1
DA:26,0
DA:28,0
DA:31,1
DA:35,3
DA:36,3
DA:37,3
DA:38,3
DA:39,3
DA:42,0
DA:44,0
DA:45,0
DA:46,0
DA:47,0
DA:48,0
LF:22
LH:14
end_of_record
SF:lib\src\features\location\domain\location.dart
DA:6,0
DA:8,0
DA:9,0
DA:11,0
DA:15,0
DA:18,0
DA:19,0
LF:7
LH:0
end_of_record
SF:lib\src\features\weather\data\api_exception.dart
DA:2,0
DA:7,0
DA:11,0
DA:15,0
DA:19,0
LF:5
LH:0
end_of_record
